2024-12-18 05:17:52,559 - Mafia Bot - INFO - Initializing the Mafia Bot...
2024-12-18 05:17:52,559 - Mafia Bot DB - DEBUG - Initializing the database and creating tables if they don't exist.
2024-12-18 05:17:52,574 - Mafia Bot DB - DEBUG - Games table migrated to use TEXT PRIMARY KEY for game_id.
2024-12-18 05:17:52,577 - Mafia Bot DB - DEBUG - Database initialized successfully.
2024-12-18 05:17:53,078 - Mafia Bot - INFO - Starting the bot...
2024-12-18 05:18:06,525 - Mafia Bot StartHandler - DEBUG - Handling /start command.
2024-12-18 05:18:07,734 - Mafia Bot ButtonHandler - DEBUG - Handling a button press.
2024-12-18 05:18:07,778 - Mafia Bot ButtonHandler - DEBUG - create_game button pressed.
2024-12-18 05:18:07,778 - Mafia Bot GameManagement - DEBUG - Creating a new game.
2024-12-18 05:18:07,778 - Mafia Bot GameManagement - DEBUG - Generated passcode: 5a206b1b-d502-4891-89e3-7df72769e2cd
2024-12-18 05:18:07,778 - Mafia Bot GameManagement - DEBUG - Generated game_id: 9f9b0823-c789-4fe1-b933-31c8c5b80f20
2024-12-18 05:18:07,783 - Mafia Bot GameManagement - DEBUG - Game created with game_id: 9f9b0823-c789-4fe1-b933-31c8c5b80f20, passcode: 5a206b1b-d502-4891-89e3-7df72769e2cd, moderator_id: 109130221
2024-12-18 05:18:10,090 - Mafia Bot ButtonHandler - DEBUG - Handling a button press.
2024-12-18 05:18:10,135 - Mafia Bot ButtonHandler - DEBUG - join_game button pressed.
2024-12-18 05:18:11,353 - Mafia Bot ButtonHandler - DEBUG - Handling a button press.
2024-12-18 05:18:11,383 - Mafia Bot ButtonHandler - DEBUG - keep_name button pressed.
2024-12-18 05:18:13,347 - Mafia Bot PasscodeHandler - DEBUG - Handling a text message.
2024-12-18 05:18:13,347 - Mafia Bot GameManagement - DEBUG - User attempting to join a game.
2024-12-18 05:18:13,408 - Mafia Bot GameManagement - DEBUG - User Mahdi (ID: 109130221) joined game 9f9b0823-c789-4fe1-b933-31c8c5b80f20
2024-12-18 05:19:04,548 - Mafia Bot StartHandler - DEBUG - Handling /start command.
2024-12-18 05:19:05,703 - Mafia Bot ButtonHandler - DEBUG - Handling a button press.
2024-12-18 05:19:05,773 - Mafia Bot ButtonHandler - DEBUG - join_game button pressed.
2024-12-18 05:19:06,861 - Mafia Bot ButtonHandler - DEBUG - Handling a button press.
2024-12-18 05:19:06,909 - Mafia Bot ButtonHandler - DEBUG - keep_name button pressed.
2024-12-18 05:19:11,631 - Mafia Bot PasscodeHandler - DEBUG - Handling a text message.
2024-12-18 05:19:11,631 - Mafia Bot GameManagement - DEBUG - User attempting to join a game.
2024-12-18 05:19:11,692 - Mafia Bot GameManagement - DEBUG - User Hasti (ID: 58032530) joined game 9f9b0823-c789-4fe1-b933-31c8c5b80f20
2024-12-18 05:19:18,084 - Mafia Bot ButtonHandler - DEBUG - Handling a button press.
2024-12-18 05:19:18,191 - Mafia Bot ButtonHandler - DEBUG - set_roles button pressed.
2024-12-18 05:19:18,191 - Mafia Bot GameManagement - DEBUG - Displaying role buttons.
2024-12-18 05:19:19,410 - Mafia Bot ButtonHandler - DEBUG - Handling a button press.
2024-12-18 05:19:19,471 - Mafia Bot ButtonHandler - DEBUG - Increase button pressed for role: Ghazi
2024-12-18 05:19:19,476 - Mafia Bot GameManagement - DEBUG - Displaying role buttons.
2024-12-18 05:19:19,956 - Mafia Bot ButtonHandler - DEBUG - Handling a button press.
2024-12-18 05:19:19,992 - Mafia Bot ButtonHandler - DEBUG - Increase button pressed for role: Gor Kan
2024-12-18 05:19:19,996 - Mafia Bot GameManagement - DEBUG - Displaying role buttons.
2024-12-18 05:19:21,525 - Mafia Bot ButtonHandler - DEBUG - Handling a button press.
2024-12-18 05:19:21,564 - Mafia Bot ButtonHandler - DEBUG - confirm_roles button pressed.
2024-12-18 05:19:21,565 - Mafia Bot GameManagement - DEBUG - Confirming and setting roles.
2024-12-18 05:19:21,565 - Mafia Bot GameManagement - DEBUG - Users in game ID 9f9b0823-c789-4fe1-b933-31c8c5b80f20: [58032530, 109130221]
2024-12-18 05:19:21,566 - Mafia Bot GameManagement - DEBUG - Role Afyun assigned 0 times
2024-12-18 05:19:21,566 - Mafia Bot GameManagement - DEBUG - Role Bisim chi assigned 0 times
2024-12-18 05:19:21,566 - Mafia Bot GameManagement - DEBUG - Role Cowboy assigned 0 times
2024-12-18 05:19:21,566 - Mafia Bot GameManagement - DEBUG - Role Doctor assigned 0 times
2024-12-18 05:19:21,566 - Mafia Bot GameManagement - DEBUG - Role DoctorLec assigned 0 times
2024-12-18 05:19:21,567 - Mafia Bot GameManagement - DEBUG - Role Efsha Gar assigned 0 times
2024-12-18 05:19:21,567 - Mafia Bot GameManagement - DEBUG - Role Ghazi assigned 1 times
2024-12-18 05:19:21,567 - Mafia Bot GameManagement - DEBUG - Role God F assigned 0 times
2024-12-18 05:19:21,569 - Mafia Bot GameManagement - DEBUG - Role Gor Kan assigned 1 times
2024-12-18 05:19:21,569 - Mafia Bot GameManagement - DEBUG - Role Hacker assigned 0 times
2024-12-18 05:19:21,569 - Mafia Bot GameManagement - DEBUG - Role Jasoos assigned 0 times
2024-12-18 05:19:21,569 - Mafia Bot GameManagement - DEBUG - Role Joker assigned 0 times
2024-12-18 05:19:21,569 - Mafia Bot GameManagement - DEBUG - Role Kar Agah assigned 0 times
2024-12-18 05:19:21,570 - Mafia Bot GameManagement - DEBUG - Role Keshish assigned 0 times
2024-12-18 05:19:21,570 - Mafia Bot GameManagement - DEBUG - Role MafiaSa assigned 0 times
2024-12-18 05:19:21,570 - Mafia Bot GameManagement - DEBUG - Role Majhool assigned 0 times
2024-12-18 05:19:21,570 - Mafia Bot GameManagement - DEBUG - Role Mashoghe assigned 0 times
2024-12-18 05:19:21,570 - Mafia Bot GameManagement - DEBUG - Role Mozakere assigned 0 times
2024-12-18 05:19:21,570 - Mafia Bot GameManagement - DEBUG - Role Nanva assigned 0 times
2024-12-18 05:19:21,571 - Mafia Bot GameManagement - DEBUG - Role Natasha assigned 0 times
2024-12-18 05:19:21,571 - Mafia Bot GameManagement - DEBUG - Role Ruyin tan assigned 0 times
2024-12-18 05:19:21,571 - Mafia Bot GameManagement - DEBUG - Role ShahKosh assigned 0 times
2024-12-18 05:19:21,571 - Mafia Bot GameManagement - DEBUG - Role ShahrSaD assigned 0 times
2024-12-18 05:19:21,571 - Mafia Bot GameManagement - DEBUG - Role Tak Tir assigned 0 times
2024-12-18 05:19:21,573 - Mafia Bot GameManagement - DEBUG - Role Terrorist assigned 0 times
2024-12-18 05:19:21,573 - Mafia Bot GameManagement - DEBUG - Role Tof Dar assigned 0 times
2024-12-18 05:19:21,843 - Mafia Bot GameManagement - DEBUG - Shuffled roles using Random.org
2024-12-18 05:19:22,044 - Mafia Bot GameManagement - DEBUG - Shuffled users using Random.org
2024-12-18 05:19:22,044 - Mafia Bot GameManagement - DEBUG - Role Ghazi set for user ID 58032530
2024-12-18 05:19:22,045 - Mafia Bot GameManagement - DEBUG - Role Gor Kan set for user ID 109130221
2024-12-18 05:19:22,048 - Mafia Bot GameManagement - DEBUG - Roles set for game ID 9f9b0823-c789-4fe1-b933-31c8c5b80f20 using Random.org
2024-12-18 05:19:25,320 - Mafia Bot ButtonHandler - DEBUG - Handling a button press.
2024-12-18 05:19:25,358 - Mafia Bot ButtonHandler - DEBUG - back_to_menu button pressed.
2024-12-18 05:19:25,359 - Mafia Bot StartHandler - DEBUG - Handling /start command.
2024-12-18 05:19:37,991 - Mafia Bot ButtonHandler - DEBUG - Handling a button press.
2024-12-18 05:28:36,355 - Mafia Bot - INFO - Initializing the Mafia Bot...
2024-12-18 05:28:36,356 - Mafia Bot DB - DEBUG - Initializing the database and creating tables if they don't exist.
2024-12-18 05:28:36,362 - Mafia Bot DB - DEBUG - Games table migrated to use TEXT PRIMARY KEY for game_id.
2024-12-18 05:28:36,364 - Mafia Bot DB - DEBUG - Database initialized successfully.
2024-12-18 05:28:36,863 - Mafia Bot - INFO - Starting the bot...
2024-12-18 05:28:40,220 - Mafia Bot StartHandler - DEBUG - Handling /start command.
2024-12-18 05:28:42,897 - Mafia Bot ButtonHandler - DEBUG - Handling a button press.
2024-12-18 05:28:42,933 - Mafia Bot ButtonHandler - DEBUG - create_game button pressed.
2024-12-18 05:28:42,934 - Mafia Bot GameManagement - DEBUG - Creating a new game.
2024-12-18 05:28:42,935 - Mafia Bot GameManagement - DEBUG - Generated passcode: 348f7f65-103b-4d67-8cd2-611960106fdd
2024-12-18 05:28:42,935 - Mafia Bot GameManagement - DEBUG - Generated game_id: b2bdae36-b95b-4ec0-9dd3-3540d670b10d
2024-12-18 05:28:42,939 - Mafia Bot GameManagement - DEBUG - Game created with game_id: b2bdae36-b95b-4ec0-9dd3-3540d670b10d, passcode: 348f7f65-103b-4d67-8cd2-611960106fdd, moderator_id: 109130221
2024-12-18 05:28:46,453 - Mafia Bot ButtonHandler - DEBUG - Handling a button press.
2024-12-18 05:28:46,512 - Mafia Bot ButtonHandler - DEBUG - join_game button pressed.
2024-12-18 05:28:47,488 - Mafia Bot ButtonHandler - DEBUG - Handling a button press.
2024-12-18 05:28:47,525 - Mafia Bot ButtonHandler - DEBUG - keep_name button pressed.
2024-12-18 05:28:49,397 - Mafia Bot PasscodeHandler - DEBUG - Handling a text message.
2024-12-18 05:28:49,397 - Mafia Bot GameManagement - DEBUG - User attempting to join a game.
2024-12-18 05:28:49,460 - Mafia Bot GameManagement - DEBUG - User Mahdi (ID: 109130221) joined game b2bdae36-b95b-4ec0-9dd3-3540d670b10d
2024-12-18 05:28:52,977 - Mafia Bot StartHandler - DEBUG - Handling /start command.
2024-12-18 05:28:54,294 - Mafia Bot ButtonHandler - DEBUG - Handling a button press.
2024-12-18 05:28:54,338 - Mafia Bot ButtonHandler - DEBUG - set_roles button pressed.
2024-12-18 05:28:54,340 - Mafia Bot GameManagement - DEBUG - Displaying role buttons.
2024-12-18 05:28:58,162 - Mafia Bot ButtonHandler - DEBUG - Handling a button press.
2024-12-18 05:28:58,245 - Mafia Bot ButtonHandler - DEBUG - Increase button pressed for role: God F
2024-12-18 05:28:58,249 - Mafia Bot GameManagement - DEBUG - Displaying role buttons.
2024-12-18 05:28:58,773 - Mafia Bot ButtonHandler - DEBUG - Handling a button press.
2024-12-18 05:28:58,811 - Mafia Bot ButtonHandler - DEBUG - Increase button pressed for role: Mashoghe
2024-12-18 05:28:58,815 - Mafia Bot GameManagement - DEBUG - Displaying role buttons.
2024-12-18 05:29:16,152 - Mafia Bot StartHandler - DEBUG - Handling /start command.
2024-12-18 05:29:17,297 - Mafia Bot ButtonHandler - DEBUG - Handling a button press.
2024-12-18 05:29:17,384 - Mafia Bot ButtonHandler - DEBUG - join_game button pressed.
2024-12-18 05:29:18,367 - Mafia Bot ButtonHandler - DEBUG - Handling a button press.
2024-12-18 05:29:18,422 - Mafia Bot ButtonHandler - DEBUG - keep_name button pressed.
2024-12-18 05:29:21,808 - Mafia Bot PasscodeHandler - DEBUG - Handling a text message.
2024-12-18 05:29:21,810 - Mafia Bot GameManagement - DEBUG - User attempting to join a game.
2024-12-18 05:29:21,878 - Mafia Bot GameManagement - DEBUG - User Hasti (ID: 58032530) joined game b2bdae36-b95b-4ec0-9dd3-3540d670b10d
2024-12-18 05:29:27,003 - Mafia Bot ButtonHandler - DEBUG - Handling a button press.
2024-12-18 05:29:28,602 - Mafia Bot ButtonHandler - DEBUG - Handling a button press.
2024-12-18 05:29:28,643 - Mafia Bot ButtonHandler - DEBUG - confirm_roles button pressed.
2024-12-18 05:29:28,644 - Mafia Bot GameManagement - DEBUG - Confirming and setting roles.
2024-12-18 05:29:28,644 - Mafia Bot GameManagement - DEBUG - Users in game ID b2bdae36-b95b-4ec0-9dd3-3540d670b10d: [58032530, 109130221]
2024-12-18 05:29:28,645 - Mafia Bot GameManagement - DEBUG - Role Afyun assigned 0 times
2024-12-18 05:29:28,645 - Mafia Bot GameManagement - DEBUG - Role Bisim chi assigned 0 times
2024-12-18 05:29:28,646 - Mafia Bot GameManagement - DEBUG - Role Cowboy assigned 0 times
2024-12-18 05:29:28,646 - Mafia Bot GameManagement - DEBUG - Role Doctor assigned 0 times
2024-12-18 05:29:28,647 - Mafia Bot GameManagement - DEBUG - Role DoctorLec assigned 0 times
2024-12-18 05:29:28,647 - Mafia Bot GameManagement - DEBUG - Role Efsha Gar assigned 0 times
2024-12-18 05:29:28,648 - Mafia Bot GameManagement - DEBUG - Role Ghazi assigned 0 times
2024-12-18 05:29:28,648 - Mafia Bot GameManagement - DEBUG - Role God F assigned 1 times
2024-12-18 05:29:28,648 - Mafia Bot GameManagement - DEBUG - Role Gor Kan assigned 0 times
2024-12-18 05:29:28,649 - Mafia Bot GameManagement - DEBUG - Role Hacker assigned 0 times
2024-12-18 05:29:28,649 - Mafia Bot GameManagement - DEBUG - Role Jasoos assigned 0 times
2024-12-18 05:29:28,650 - Mafia Bot GameManagement - DEBUG - Role Joker assigned 0 times
2024-12-18 05:29:28,650 - Mafia Bot GameManagement - DEBUG - Role Kar Agah assigned 0 times
2024-12-18 05:29:28,651 - Mafia Bot GameManagement - DEBUG - Role Keshish assigned 0 times
2024-12-18 05:29:28,651 - Mafia Bot GameManagement - DEBUG - Role MafiaSa assigned 0 times
2024-12-18 05:29:28,651 - Mafia Bot GameManagement - DEBUG - Role Majhool assigned 0 times
2024-12-18 05:29:28,652 - Mafia Bot GameManagement - DEBUG - Role Mashoghe assigned 1 times
2024-12-18 05:29:28,652 - Mafia Bot GameManagement - DEBUG - Role Mozakere assigned 0 times
2024-12-18 05:29:28,652 - Mafia Bot GameManagement - DEBUG - Role Nanva assigned 0 times
2024-12-18 05:29:28,652 - Mafia Bot GameManagement - DEBUG - Role Natasha assigned 0 times
2024-12-18 05:29:28,652 - Mafia Bot GameManagement - DEBUG - Role Ruyin tan assigned 0 times
2024-12-18 05:29:28,653 - Mafia Bot GameManagement - DEBUG - Role ShahKosh assigned 0 times
2024-12-18 05:29:28,653 - Mafia Bot GameManagement - DEBUG - Role ShahrSaD assigned 0 times
2024-12-18 05:29:28,654 - Mafia Bot GameManagement - DEBUG - Role Tak Tir assigned 0 times
2024-12-18 05:29:28,654 - Mafia Bot GameManagement - DEBUG - Role Terrorist assigned 0 times
2024-12-18 05:29:28,654 - Mafia Bot GameManagement - DEBUG - Role Tof Dar assigned 0 times
2024-12-18 05:29:28,908 - Mafia Bot GameManagement - DEBUG - Shuffled roles using Random.org
2024-12-18 05:29:29,128 - Mafia Bot GameManagement - DEBUG - Shuffled users using Random.org
2024-12-18 05:29:29,129 - Mafia Bot GameManagement - DEBUG - Role God F set for user ID 58032530
2024-12-18 05:29:29,130 - Mafia Bot GameManagement - DEBUG - Role Mashoghe set for user ID 109130221
2024-12-18 05:29:29,134 - Mafia Bot GameManagement - DEBUG - Roles set for game ID b2bdae36-b95b-4ec0-9dd3-3540d670b10d using Random.org
2024-12-18 05:29:42,720 - Mafia Bot ButtonHandler - DEBUG - Handling a button press.
2024-12-18 05:29:47,505 - Mafia Bot ButtonHandler - DEBUG - Handling a button press.
2024-12-18 05:29:47,567 - Mafia Bot ButtonHandler - DEBUG - back_to_menu button pressed.
2024-12-18 05:29:47,568 - Mafia Bot StartHandler - DEBUG - Handling /start command.
2024-12-18 05:29:49,208 - Mafia Bot ButtonHandler - DEBUG - Handling a button press.
2024-12-18 05:29:49,249 - Mafia Bot ButtonHandler - DEBUG - start_game button pressed.
2024-12-18 05:29:50,768 - Mafia Bot PasscodeHandler - DEBUG - Handling a text message.
2024-12-18 05:29:50,769 - Mafia Bot GameManagement - DEBUG - Starting the game.
2024-12-18 05:29:50,770 - Mafia Bot GameManagement - DEBUG - Player roles: [(58032530, 'God F', 'Hasti'), (109130221, 'Mashoghe', 'Mahdi')]
2024-12-18 05:29:51,001 - Mafia Bot GameManagement - DEBUG - Game b2bdae36-b95b-4ec0-9dd3-3540d670b10d started using Random.org
2024-12-18 05:33:02,263 - Mafia Bot - INFO - Initializing the Mafia Bot...
2024-12-18 05:33:02,264 - Mafia Bot DB - DEBUG - Initializing the database and creating tables if they don't exist.
2024-12-18 05:33:02,269 - Mafia Bot DB - DEBUG - Games table migrated to use TEXT PRIMARY KEY for game_id.
2024-12-18 05:33:02,271 - Mafia Bot DB - DEBUG - Database initialized successfully.
2024-12-18 05:33:02,779 - Mafia Bot - INFO - Starting the bot...
2024-12-18 05:33:09,308 - Mafia Bot StartHandler - DEBUG - Handling /start command.
2024-12-18 05:33:10,426 - Mafia Bot ButtonHandler - DEBUG - Handling a button press.
2024-12-18 05:33:10,483 - Mafia Bot ButtonHandler - DEBUG - create_game button pressed.
2024-12-18 05:33:10,484 - Mafia Bot GameManagement - DEBUG - Creating a new game.
2024-12-18 05:33:10,485 - Mafia Bot GameManagement - DEBUG - Generated passcode: 744dc110-3b0d-48eb-921d-a23bf1e0a199
2024-12-18 05:33:10,485 - Mafia Bot GameManagement - DEBUG - Generated game_id: b993d42b-9fa6-4912-bfa3-0c8e519c3408
2024-12-18 05:33:10,489 - Mafia Bot GameManagement - DEBUG - Game created with game_id: b993d42b-9fa6-4912-bfa3-0c8e519c3408, passcode: 744dc110-3b0d-48eb-921d-a23bf1e0a199, moderator_id: 109130221
2024-12-18 05:33:15,782 - Mafia Bot ButtonHandler - DEBUG - Handling a button press.
2024-12-18 05:33:15,880 - Mafia Bot ButtonHandler - DEBUG - join_game button pressed.
2024-12-18 05:33:16,847 - Mafia Bot ButtonHandler - DEBUG - Handling a button press.
2024-12-18 05:33:16,910 - Mafia Bot ButtonHandler - DEBUG - keep_name button pressed.
2024-12-18 05:33:18,948 - Mafia Bot PasscodeHandler - DEBUG - Handling a text message.
2024-12-18 05:33:18,948 - Mafia Bot GameManagement - DEBUG - User attempting to join a game.
2024-12-18 05:33:19,013 - Mafia Bot GameManagement - DEBUG - User Mahdi (ID: 109130221) joined game b993d42b-9fa6-4912-bfa3-0c8e519c3408
2024-12-18 05:33:57,513 - Mafia Bot StartHandler - DEBUG - Handling /start command.
2024-12-18 05:33:58,856 - Mafia Bot ButtonHandler - DEBUG - Handling a button press.
2024-12-18 05:33:58,973 - Mafia Bot ButtonHandler - DEBUG - join_game button pressed.
2024-12-18 05:33:59,874 - Mafia Bot ButtonHandler - DEBUG - Handling a button press.
2024-12-18 05:33:59,915 - Mafia Bot ButtonHandler - DEBUG - keep_name button pressed.
2024-12-18 05:34:03,084 - Mafia Bot PasscodeHandler - DEBUG - Handling a text message.
2024-12-18 05:34:03,085 - Mafia Bot GameManagement - DEBUG - User attempting to join a game.
2024-12-18 05:34:03,145 - Mafia Bot GameManagement - DEBUG - User Hasti (ID: 58032530) joined game b993d42b-9fa6-4912-bfa3-0c8e519c3408
2024-12-18 05:34:08,640 - Mafia Bot ButtonHandler - DEBUG - Handling a button press.
2024-12-18 05:34:08,843 - Mafia Bot ButtonHandler - DEBUG - set_roles button pressed.
2024-12-18 05:34:08,845 - Mafia Bot GameManagement - DEBUG - Displaying role buttons.
2024-12-18 05:34:12,624 - Mafia Bot ButtonHandler - DEBUG - Handling a button press.
2024-12-18 05:34:12,677 - Mafia Bot ButtonHandler - DEBUG - Increase button pressed for role: Jasoos
2024-12-18 05:34:12,680 - Mafia Bot GameManagement - DEBUG - Displaying role buttons.
2024-12-18 05:34:13,490 - Mafia Bot ButtonHandler - DEBUG - Handling a button press.
2024-12-18 05:34:13,521 - Mafia Bot ButtonHandler - DEBUG - Increase button pressed for role: Ruyin tan
2024-12-18 05:34:13,522 - Mafia Bot GameManagement - DEBUG - Displaying role buttons.
2024-12-18 05:34:15,361 - Mafia Bot ButtonHandler - DEBUG - Handling a button press.
2024-12-18 05:34:22,418 - Mafia Bot ButtonHandler - DEBUG - Handling a button press.
2024-12-18 05:34:22,533 - Mafia Bot ButtonHandler - DEBUG - confirm_roles button pressed.
2024-12-18 05:34:22,534 - Mafia Bot GameManagement - DEBUG - Confirming and setting roles.
2024-12-18 05:34:22,535 - Mafia Bot GameManagement - DEBUG - Users in game ID b993d42b-9fa6-4912-bfa3-0c8e519c3408: [58032530, 109130221]
2024-12-18 05:34:22,535 - Mafia Bot GameManagement - DEBUG - Role Afyun assigned 0 times
2024-12-18 05:34:22,536 - Mafia Bot GameManagement - DEBUG - Role Bisim chi assigned 0 times
2024-12-18 05:34:22,537 - Mafia Bot GameManagement - DEBUG - Role Cowboy assigned 0 times
2024-12-18 05:34:22,538 - Mafia Bot GameManagement - DEBUG - Role Doctor assigned 0 times
2024-12-18 05:34:22,538 - Mafia Bot GameManagement - DEBUG - Role DoctorLec assigned 0 times
2024-12-18 05:34:22,539 - Mafia Bot GameManagement - DEBUG - Role Efsha Gar assigned 0 times
2024-12-18 05:34:22,539 - Mafia Bot GameManagement - DEBUG - Role Ghazi assigned 0 times
2024-12-18 05:34:22,539 - Mafia Bot GameManagement - DEBUG - Role God F assigned 0 times
2024-12-18 05:34:22,540 - Mafia Bot GameManagement - DEBUG - Role Gor Kan assigned 0 times
2024-12-18 05:34:22,540 - Mafia Bot GameManagement - DEBUG - Role Hacker assigned 0 times
2024-12-18 05:34:22,541 - Mafia Bot GameManagement - DEBUG - Role Jasoos assigned 1 times
2024-12-18 05:34:22,541 - Mafia Bot GameManagement - DEBUG - Role Joker assigned 0 times
2024-12-18 05:34:22,542 - Mafia Bot GameManagement - DEBUG - Role Kar Agah assigned 0 times
2024-12-18 05:34:22,542 - Mafia Bot GameManagement - DEBUG - Role Keshish assigned 0 times
2024-12-18 05:34:22,543 - Mafia Bot GameManagement - DEBUG - Role MafiaSa assigned 0 times
2024-12-18 05:34:22,544 - Mafia Bot GameManagement - DEBUG - Role Majhool assigned 0 times
2024-12-18 05:34:22,544 - Mafia Bot GameManagement - DEBUG - Role Mashoghe assigned 0 times
2024-12-18 05:34:22,545 - Mafia Bot GameManagement - DEBUG - Role Mozakere assigned 0 times
2024-12-18 05:34:22,545 - Mafia Bot GameManagement - DEBUG - Role Nanva assigned 0 times
2024-12-18 05:34:22,545 - Mafia Bot GameManagement - DEBUG - Role Natasha assigned 0 times
2024-12-18 05:34:22,546 - Mafia Bot GameManagement - DEBUG - Role Ruyin tan assigned 1 times
2024-12-18 05:34:22,546 - Mafia Bot GameManagement - DEBUG - Role ShahKosh assigned 0 times
2024-12-18 05:34:22,546 - Mafia Bot GameManagement - DEBUG - Role ShahrSaD assigned 0 times
2024-12-18 05:34:22,546 - Mafia Bot GameManagement - DEBUG - Role Tak Tir assigned 0 times
2024-12-18 05:34:22,547 - Mafia Bot GameManagement - DEBUG - Role Terrorist assigned 0 times
2024-12-18 05:34:22,547 - Mafia Bot GameManagement - DEBUG - Role Tof Dar assigned 0 times
2024-12-18 05:34:22,758 - Mafia Bot GameManagement - DEBUG - Shuffled roles using Random.org
2024-12-18 05:34:22,981 - Mafia Bot GameManagement - DEBUG - Shuffled users using Random.org
2024-12-18 05:34:22,982 - Mafia Bot GameManagement - DEBUG - Role Jasoos set for user ID 58032530
2024-12-18 05:34:22,982 - Mafia Bot GameManagement - DEBUG - Role Ruyin tan set for user ID 109130221
2024-12-18 05:34:22,985 - Mafia Bot GameManagement - DEBUG - Roles set for game ID b993d42b-9fa6-4912-bfa3-0c8e519c3408 using Random.org
2024-12-18 05:34:28,471 - Mafia Bot ButtonHandler - DEBUG - Handling a button press.
2024-12-18 05:34:30,322 - Mafia Bot ButtonHandler - DEBUG - Handling a button press.
2024-12-18 05:34:30,369 - Mafia Bot ButtonHandler - DEBUG - back_to_menu button pressed.
2024-12-18 05:34:30,370 - Mafia Bot StartHandler - DEBUG - Handling /start command.
2024-12-18 05:34:32,416 - Mafia Bot ButtonHandler - DEBUG - Handling a button press.
2024-12-18 05:34:32,486 - Mafia Bot ButtonHandler - DEBUG - start_game button pressed.
2024-12-18 05:34:33,655 - Mafia Bot PasscodeHandler - DEBUG - Handling a text message.
2024-12-18 05:34:33,656 - Mafia Bot GameManagement - DEBUG - Starting the game.
2024-12-18 05:34:33,657 - Mafia Bot GameManagement - DEBUG - Player roles: [(58032530, 'Jasoos', 'Hasti'), (109130221, 'Ruyin tan', 'Mahdi')]
2024-12-18 05:34:33,921 - Mafia Bot GameManagement - DEBUG - Game b993d42b-9fa6-4912-bfa3-0c8e519c3408 started using Random.org
2024-12-18 05:36:55,486 - Mafia Bot - INFO - Initializing the Mafia Bot...
2024-12-18 05:36:55,486 - Mafia Bot DB - DEBUG - Initializing the database and creating tables if they don't exist.
2024-12-18 05:36:55,493 - Mafia Bot DB - DEBUG - Games table migrated to use TEXT PRIMARY KEY for game_id.
2024-12-18 05:36:55,494 - Mafia Bot DB - DEBUG - Database initialized successfully.
2024-12-18 05:36:55,974 - Mafia Bot - INFO - Starting the bot...
2024-12-18 05:36:58,631 - Mafia Bot ButtonHandler - DEBUG - Handling a button press.
2024-12-18 05:36:58,717 - Mafia Bot ButtonHandler - DEBUG - create_game button pressed.
2024-12-18 05:36:58,718 - Mafia Bot GameManagement - DEBUG - Creating a new game.
2024-12-18 05:36:58,719 - Mafia Bot GameManagement - DEBUG - Generated passcode: b1e21e7c-569d-4ce9-8c4e-cf3f26070132
2024-12-18 05:36:58,720 - Mafia Bot GameManagement - DEBUG - Generated game_id: 2d8867c6-1fa2-4c83-9ed9-2f3599e5c345
2024-12-18 05:36:58,723 - Mafia Bot GameManagement - DEBUG - Game created with game_id: 2d8867c6-1fa2-4c83-9ed9-2f3599e5c345, passcode: b1e21e7c-569d-4ce9-8c4e-cf3f26070132, moderator_id: 109130221
2024-12-18 05:37:03,949 - Mafia Bot StartHandler - DEBUG - Handling /start command.
2024-12-18 05:37:05,220 - Mafia Bot ButtonHandler - DEBUG - Handling a button press.
2024-12-18 05:37:05,404 - Mafia Bot ButtonHandler - DEBUG - join_game button pressed.
2024-12-18 05:37:06,774 - Mafia Bot ButtonHandler - DEBUG - Handling a button press.
2024-12-18 05:37:06,872 - Mafia Bot ButtonHandler - DEBUG - keep_name button pressed.
2024-12-18 05:37:08,956 - Mafia Bot PasscodeHandler - DEBUG - Handling a text message.
2024-12-18 05:37:08,957 - Mafia Bot GameManagement - DEBUG - User attempting to join a game.
2024-12-18 05:37:09,015 - Mafia Bot GameManagement - DEBUG - User Mahdi (ID: 109130221) joined game 2d8867c6-1fa2-4c83-9ed9-2f3599e5c345
2024-12-18 05:37:26,325 - Mafia Bot StartHandler - DEBUG - Handling /start command.
2024-12-18 05:37:27,649 - Mafia Bot ButtonHandler - DEBUG - Handling a button press.
2024-12-18 05:37:27,690 - Mafia Bot ButtonHandler - DEBUG - join_game button pressed.
2024-12-18 05:37:29,058 - Mafia Bot ButtonHandler - DEBUG - Handling a button press.
2024-12-18 05:37:29,114 - Mafia Bot ButtonHandler - DEBUG - keep_name button pressed.
2024-12-18 05:37:32,563 - Mafia Bot PasscodeHandler - DEBUG - Handling a text message.
2024-12-18 05:37:32,564 - Mafia Bot GameManagement - DEBUG - User attempting to join a game.
2024-12-18 05:37:32,703 - Mafia Bot GameManagement - DEBUG - User Hasti (ID: 58032530) joined game b993d42b-9fa6-4912-bfa3-0c8e519c3408
2024-12-18 05:37:39,666 - Mafia Bot StartHandler - DEBUG - Handling /start command.
2024-12-18 05:37:41,000 - Mafia Bot ButtonHandler - DEBUG - Handling a button press.
2024-12-18 05:37:41,360 - Mafia Bot ButtonHandler - DEBUG - set_roles button pressed.
2024-12-18 05:37:41,361 - Mafia Bot GameManagement - DEBUG - Displaying role buttons.
2024-12-18 05:37:42,515 - Mafia Bot ButtonHandler - DEBUG - Handling a button press.
2024-12-18 05:37:42,556 - Mafia Bot ButtonHandler - DEBUG - Increase button pressed for role: Terrorist
2024-12-18 05:37:42,559 - Mafia Bot GameManagement - DEBUG - Displaying role buttons.
2024-12-18 05:37:43,459 - Mafia Bot ButtonHandler - DEBUG - Handling a button press.
2024-12-18 05:37:43,491 - Mafia Bot ButtonHandler - DEBUG - Increase button pressed for role: DoctorLec
2024-12-18 05:37:43,494 - Mafia Bot GameManagement - DEBUG - Displaying role buttons.
2024-12-18 05:37:44,779 - Mafia Bot ButtonHandler - DEBUG - Handling a button press.
2024-12-18 05:37:44,809 - Mafia Bot ButtonHandler - DEBUG - confirm_roles_and_save_template button pressed.
2024-12-18 05:37:54,240 - Mafia Bot PasscodeHandler - DEBUG - Handling a text message.
2024-12-18 05:37:54,242 - Mafia Bot PasscodeHandler - DEBUG - Handling template confirmation.
2024-12-18 05:37:54,242 - Mafia Bot GameManagement - DEBUG - Game ID 2d8867c6-1fa2-4c83-9ed9-2f3599e5c345 has 1 players.
2024-12-18 05:37:54,243 - Mafia Bot PasscodeHandler - DEBUG - Saving template as pending.
2024-12-18 05:37:54,245 - Mafia Bot Roles - DEBUG - Role templates saved: {'2': [{'name': 'Test 2 shahr - 2', 'roles': {'ShahrSaD': 2}}, {'name': 'Test efshagar hacker - 2', 'roles': {'Efsha Gar': 1, 'Hacker': 1}}]}
2024-12-18 05:37:54,246 - Mafia Bot Roles - DEBUG - Pending templates saved: {'1': [{'name': 'Test template DEV - 1', 'roles': {'Afyun': 0, 'Bisim chi': 0, 'Cowboy': 0, 'Doctor': 0, 'DoctorLec': 1, 'Efsha Gar': 0, 'Ghazi': 0, 'God F': 0, 'Gor Kan': 0, 'Hacker': 0, 'Jasoos': 0, 'Joker': 0, 'Kar Agah': 0, 'Keshish': 0, 'MafiaSa': 0, 'Majhool': 0, 'Mashoghe': 0, 'Mozakere': 0, 'Nanva': 0, 'Natasha': 0, 'Ruyin tan': 0, 'ShahKosh': 0, 'ShahrSaD': 0, 'Tak Tir': 0, 'Terrorist': 1, 'Tof Dar': 0}}]}
2024-12-18 05:38:08,725 - Mafia Bot ButtonHandler - DEBUG - Handling a button press.
2024-12-18 05:38:08,875 - Mafia Bot Roles - DEBUG - Role templates saved: {'2': [{'name': 'Test 2 shahr - 2', 'roles': {'ShahrSaD': 2}}, {'name': 'Test efshagar hacker - 2', 'roles': {'Efsha Gar': 1, 'Hacker': 1}}], '1': [{'name': 'Test template DEV - 1', 'roles': {'Afyun': 0, 'Bisim chi': 0, 'Cowboy': 0, 'Doctor': 0, 'DoctorLec': 1, 'Efsha Gar': 0, 'Ghazi': 0, 'God F': 0, 'Gor Kan': 0, 'Hacker': 0, 'Jasoos': 0, 'Joker': 0, 'Kar Agah': 0, 'Keshish': 0, 'MafiaSa': 0, 'Majhool': 0, 'Mashoghe': 0, 'Mozakere': 0, 'Nanva': 0, 'Natasha': 0, 'Ruyin tan': 0, 'ShahKosh': 0, 'ShahrSaD': 0, 'Tak Tir': 0, 'Terrorist': 1, 'Tof Dar': 0}}]}
2024-12-18 05:38:08,877 - Mafia Bot Roles - DEBUG - Pending templates saved: {'1': []}
2024-12-18 05:38:14,546 - Mafia Bot ButtonHandler - DEBUG - Handling a button press.
2024-12-18 05:38:14,666 - Mafia Bot ButtonHandler - DEBUG - back_to_menu button pressed.
2024-12-18 05:38:14,667 - Mafia Bot StartHandler - DEBUG - Handling /start command.
2024-12-18 05:38:20,185 - Mafia Bot ButtonHandler - DEBUG - Handling a button press.
2024-12-18 05:38:20,307 - Mafia Bot ButtonHandler - DEBUG - start_game button pressed.
2024-12-18 05:38:22,493 - Mafia Bot PasscodeHandler - DEBUG - Handling a text message.
2024-12-18 05:38:22,494 - Mafia Bot GameManagement - DEBUG - Starting the game.
2024-12-18 05:38:22,495 - Mafia Bot GameManagement - DEBUG - Player roles: [(109130221, None, 'Mahdi')]
2024-12-18 05:38:31,330 - Mafia Bot ButtonHandler - DEBUG - Handling a button press.
2024-12-18 05:38:31,474 - Mafia Bot ButtonHandler - DEBUG - start_game button pressed.
2024-12-18 05:38:32,614 - Mafia Bot PasscodeHandler - DEBUG - Handling a text message.
2024-12-18 05:38:32,614 - Mafia Bot GameManagement - DEBUG - Starting the game.
2024-12-18 05:38:47,096 - Mafia Bot ButtonHandler - DEBUG - Handling a button press.
2024-12-18 05:38:47,197 - Mafia Bot ButtonHandler - DEBUG - start_game button pressed.
2024-12-18 05:38:49,507 - Mafia Bot PasscodeHandler - DEBUG - Handling a text message.
2024-12-18 05:38:49,508 - Mafia Bot GameManagement - DEBUG - Starting the game.
2024-12-18 05:38:49,509 - Mafia Bot GameManagement - DEBUG - Player roles: [(109130221, None, 'Mahdi')]
2024-12-18 05:38:55,286 - Mafia Bot ButtonHandler - DEBUG - Handling a button press.
2024-12-18 05:38:55,402 - Mafia Bot ButtonHandler - DEBUG - confirm_roles button pressed.
2024-12-18 05:38:55,402 - Mafia Bot GameManagement - DEBUG - Confirming and setting roles.
2024-12-18 05:38:55,403 - Mafia Bot GameManagement - DEBUG - Users in game ID 2d8867c6-1fa2-4c83-9ed9-2f3599e5c345: [109130221]
2024-12-18 05:38:55,403 - Mafia Bot GameManagement - DEBUG - Number of roles does not match number of players: 1 users, 2 roles.
2024-12-18 05:39:49,705 - Mafia Bot - INFO - Initializing the Mafia Bot...
2024-12-18 05:39:49,706 - Mafia Bot DB - DEBUG - Initializing the database and creating tables if they don't exist.
2024-12-18 05:39:49,716 - Mafia Bot DB - DEBUG - Games table created with TEXT PRIMARY KEY for game_id.
2024-12-18 05:39:49,718 - Mafia Bot DB - DEBUG - Database initialized successfully.
2024-12-18 05:39:50,183 - Mafia Bot - INFO - Starting the bot...
2024-12-18 05:40:02,598 - Mafia Bot StartHandler - DEBUG - Handling /start command.
2024-12-18 05:40:03,841 - Mafia Bot ButtonHandler - DEBUG - Handling a button press.
2024-12-18 05:40:03,886 - Mafia Bot ButtonHandler - DEBUG - create_game button pressed.
2024-12-18 05:40:03,887 - Mafia Bot GameManagement - DEBUG - Creating a new game.
2024-12-18 05:40:03,888 - Mafia Bot GameManagement - DEBUG - Generated passcode: 70cb63cc-04f6-4eb4-b2ac-81965363d9a7
2024-12-18 05:40:03,889 - Mafia Bot GameManagement - DEBUG - Generated game_id: c135551b-8125-45ed-94bc-c0490aba591a
2024-12-18 05:40:03,893 - Mafia Bot GameManagement - DEBUG - Game created with game_id: c135551b-8125-45ed-94bc-c0490aba591a, passcode: 70cb63cc-04f6-4eb4-b2ac-81965363d9a7, moderator_id: 58032530
2024-12-18 05:40:06,726 - Mafia Bot ButtonHandler - DEBUG - Handling a button press.
2024-12-18 05:40:06,794 - Mafia Bot ButtonHandler - DEBUG - join_game button pressed.
2024-12-18 05:40:11,566 - Mafia Bot PasscodeHandler - DEBUG - Handling a text message.
2024-12-18 05:40:15,849 - Mafia Bot PasscodeHandler - DEBUG - Handling a text message.
2024-12-18 05:40:15,850 - Mafia Bot GameManagement - DEBUG - User attempting to join a game.
2024-12-18 05:40:15,918 - Mafia Bot GameManagement - DEBUG - User Hasti (ID: 58032530) joined game c135551b-8125-45ed-94bc-c0490aba591a
2024-12-18 05:40:33,596 - Mafia Bot StartHandler - DEBUG - Handling /start command.
2024-12-18 05:40:34,621 - Mafia Bot ButtonHandler - DEBUG - Handling a button press.
2024-12-18 05:40:34,750 - Mafia Bot ButtonHandler - DEBUG - join_game button pressed.
2024-12-18 05:40:37,365 - Mafia Bot PasscodeHandler - DEBUG - Handling a text message.
2024-12-18 05:40:38,498 - Mafia Bot PasscodeHandler - DEBUG - Handling a text message.
2024-12-18 05:40:38,498 - Mafia Bot GameManagement - DEBUG - User attempting to join a game.
2024-12-18 05:40:38,544 - Mafia Bot GameManagement - DEBUG - User Mahdi (ID: 109130221) joined game c135551b-8125-45ed-94bc-c0490aba591a
2024-12-18 05:40:46,095 - Mafia Bot StartHandler - DEBUG - Handling /start command.
2024-12-18 05:40:47,644 - Mafia Bot ButtonHandler - DEBUG - Handling a button press.
2024-12-18 05:40:47,761 - Mafia Bot ButtonHandler - DEBUG - set_roles button pressed.
2024-12-18 05:40:47,762 - Mafia Bot GameManagement - DEBUG - Displaying role buttons.
2024-12-18 05:40:50,462 - Mafia Bot ButtonHandler - DEBUG - Handling a button press.
2024-12-18 05:40:50,512 - Mafia Bot ButtonHandler - DEBUG - Increase button pressed for role: Gor Kan
2024-12-18 05:40:50,515 - Mafia Bot GameManagement - DEBUG - Displaying role buttons.
2024-12-18 05:40:51,258 - Mafia Bot ButtonHandler - DEBUG - Handling a button press.
2024-12-18 05:40:51,304 - Mafia Bot ButtonHandler - DEBUG - Increase button pressed for role: Ghazi
2024-12-18 05:40:51,306 - Mafia Bot GameManagement - DEBUG - Displaying role buttons.
2024-12-18 05:40:53,266 - Mafia Bot ButtonHandler - DEBUG - Handling a button press.
2024-12-18 05:40:53,311 - Mafia Bot ButtonHandler - DEBUG - confirm_roles_and_save_template button pressed.
2024-12-18 05:41:03,614 - Mafia Bot PasscodeHandler - DEBUG - Handling a text message.
2024-12-18 05:41:03,615 - Mafia Bot PasscodeHandler - DEBUG - Handling template confirmation.
2024-12-18 05:41:03,616 - Mafia Bot GameManagement - DEBUG - Game ID c135551b-8125-45ed-94bc-c0490aba591a has 2 players.
2024-12-18 05:41:03,616 - Mafia Bot PasscodeHandler - DEBUG - Saving template as pending.
2024-12-18 05:41:03,619 - Mafia Bot Roles - DEBUG - Role templates saved: {}
2024-12-18 05:41:03,619 - Mafia Bot Roles - DEBUG - Pending templates saved: {'2': [{'name': 'Dev 2 players - 2', 'roles': {'Afyun': 0, 'Bisim chi': 0, 'Cowboy': 0, 'Doctor': 0, 'DoctorLec': 0, 'Efsha Gar': 0, 'Ghazi': 1, 'God F': 0, 'Gor Kan': 1, 'Hacker': 0, 'Jasoos': 0, 'Joker': 0, 'Kar Agah': 0, 'Keshish': 0, 'MafiaSa': 0, 'Majhool': 0, 'Mashoghe': 0, 'Mozakere': 0, 'Nanva': 0, 'Natasha': 0, 'Ruyin tan': 0, 'ShahKosh': 0, 'ShahrSaD': 0, 'Tak Tir': 0, 'Terrorist': 0, 'Tof Dar': 0}}]}
2024-12-18 05:41:09,835 - Mafia Bot ButtonHandler - DEBUG - Handling a button press.
2024-12-18 05:41:10,013 - Mafia Bot Roles - DEBUG - Role templates saved: {'2': [{'name': 'Dev 2 players - 2', 'roles': {'Afyun': 0, 'Bisim chi': 0, 'Cowboy': 0, 'Doctor': 0, 'DoctorLec': 0, 'Efsha Gar': 0, 'Ghazi': 1, 'God F': 0, 'Gor Kan': 1, 'Hacker': 0, 'Jasoos': 0, 'Joker': 0, 'Kar Agah': 0, 'Keshish': 0, 'MafiaSa': 0, 'Majhool': 0, 'Mashoghe': 0, 'Mozakere': 0, 'Nanva': 0, 'Natasha': 0, 'Ruyin tan': 0, 'ShahKosh': 0, 'ShahrSaD': 0, 'Tak Tir': 0, 'Terrorist': 0, 'Tof Dar': 0}}]}
2024-12-18 05:41:10,015 - Mafia Bot Roles - DEBUG - Pending templates saved: {'2': []}
2024-12-18 05:41:23,093 - Mafia Bot ButtonHandler - DEBUG - Handling a button press.
2024-12-18 05:41:23,186 - Mafia Bot ButtonHandler - DEBUG - back_to_menu button pressed.
2024-12-18 05:41:23,187 - Mafia Bot StartHandler - DEBUG - Handling /start command.
2024-12-18 05:41:24,726 - Mafia Bot ButtonHandler - DEBUG - Handling a button press.
2024-12-18 05:41:24,765 - Mafia Bot ButtonHandler - DEBUG - start_game button pressed.
2024-12-18 05:41:27,246 - Mafia Bot PasscodeHandler - DEBUG - Handling a text message.
2024-12-18 05:41:27,247 - Mafia Bot GameManagement - DEBUG - Starting the game.
2024-12-18 05:41:27,248 - Mafia Bot GameManagement - DEBUG - Player roles: [(58032530, None, 'Hasti'), (109130221, None, 'Mahdi')]
2024-12-18 05:41:30,628 - Mafia Bot ButtonHandler - DEBUG - Handling a button press.
2024-12-18 05:41:30,741 - Mafia Bot ButtonHandler - DEBUG - confirm_roles button pressed.
2024-12-18 05:41:30,742 - Mafia Bot GameManagement - DEBUG - Confirming and setting roles.
2024-12-18 05:41:30,743 - Mafia Bot GameManagement - DEBUG - Users in game ID c135551b-8125-45ed-94bc-c0490aba591a: [58032530, 109130221]
2024-12-18 05:41:30,744 - Mafia Bot GameManagement - DEBUG - Role Afyun assigned 0 times
2024-12-18 05:41:30,745 - Mafia Bot GameManagement - DEBUG - Role Bisim chi assigned 0 times
2024-12-18 05:41:30,745 - Mafia Bot GameManagement - DEBUG - Role Cowboy assigned 0 times
2024-12-18 05:41:30,746 - Mafia Bot GameManagement - DEBUG - Role Doctor assigned 0 times
2024-12-18 05:41:30,746 - Mafia Bot GameManagement - DEBUG - Role DoctorLec assigned 0 times
2024-12-18 05:41:30,747 - Mafia Bot GameManagement - DEBUG - Role Efsha Gar assigned 0 times
2024-12-18 05:41:30,747 - Mafia Bot GameManagement - DEBUG - Role Ghazi assigned 1 times
2024-12-18 05:41:30,747 - Mafia Bot GameManagement - DEBUG - Role God F assigned 0 times
2024-12-18 05:41:30,748 - Mafia Bot GameManagement - DEBUG - Role Gor Kan assigned 1 times
2024-12-18 05:41:30,748 - Mafia Bot GameManagement - DEBUG - Role Hacker assigned 0 times
2024-12-18 05:41:30,749 - Mafia Bot GameManagement - DEBUG - Role Jasoos assigned 0 times
2024-12-18 05:41:30,749 - Mafia Bot GameManagement - DEBUG - Role Joker assigned 0 times
2024-12-18 05:41:30,750 - Mafia Bot GameManagement - DEBUG - Role Kar Agah assigned 0 times
2024-12-18 05:41:30,750 - Mafia Bot GameManagement - DEBUG - Role Keshish assigned 0 times
2024-12-18 05:41:30,751 - Mafia Bot GameManagement - DEBUG - Role MafiaSa assigned 0 times
2024-12-18 05:41:30,751 - Mafia Bot GameManagement - DEBUG - Role Majhool assigned 0 times
2024-12-18 05:41:30,752 - Mafia Bot GameManagement - DEBUG - Role Mashoghe assigned 0 times
2024-12-18 05:41:30,753 - Mafia Bot GameManagement - DEBUG - Role Mozakere assigned 0 times
2024-12-18 05:41:30,753 - Mafia Bot GameManagement - DEBUG - Role Nanva assigned 0 times
2024-12-18 05:41:30,754 - Mafia Bot GameManagement - DEBUG - Role Natasha assigned 0 times
2024-12-18 05:41:30,754 - Mafia Bot GameManagement - DEBUG - Role Ruyin tan assigned 0 times
2024-12-18 05:41:30,755 - Mafia Bot GameManagement - DEBUG - Role ShahKosh assigned 0 times
2024-12-18 05:41:30,755 - Mafia Bot GameManagement - DEBUG - Role ShahrSaD assigned 0 times
2024-12-18 05:41:30,756 - Mafia Bot GameManagement - DEBUG - Role Tak Tir assigned 0 times
2024-12-18 05:41:30,756 - Mafia Bot GameManagement - DEBUG - Role Terrorist assigned 0 times
2024-12-18 05:41:30,756 - Mafia Bot GameManagement - DEBUG - Role Tof Dar assigned 0 times
2024-12-18 05:41:31,010 - Mafia Bot GameManagement - DEBUG - Shuffled roles using Random.org
2024-12-18 05:41:31,240 - Mafia Bot GameManagement - DEBUG - Shuffled users using Random.org
2024-12-18 05:41:31,241 - Mafia Bot GameManagement - DEBUG - Role Gor Kan set for user ID 58032530
2024-12-18 05:41:31,242 - Mafia Bot GameManagement - DEBUG - Role Ghazi set for user ID 109130221
2024-12-18 05:41:31,245 - Mafia Bot GameManagement - DEBUG - Roles set for game ID c135551b-8125-45ed-94bc-c0490aba591a using Random.org
2024-12-18 05:41:44,281 - Mafia Bot StartHandler - DEBUG - Handling /start command.
2024-12-18 05:41:45,764 - Mafia Bot ButtonHandler - DEBUG - Handling a button press.
2024-12-18 05:41:45,840 - Mafia Bot ButtonHandler - DEBUG - start_game button pressed.
2024-12-18 05:41:47,930 - Mafia Bot PasscodeHandler - DEBUG - Handling a text message.
2024-12-18 05:41:47,931 - Mafia Bot GameManagement - DEBUG - Starting the game.
2024-12-18 05:41:47,932 - Mafia Bot GameManagement - DEBUG - Player roles: [(58032530, 'Gor Kan', 'Hasti'), (109130221, 'Ghazi', 'Mahdi')]
2024-12-18 05:41:48,146 - Mafia Bot GameManagement - DEBUG - Game c135551b-8125-45ed-94bc-c0490aba591a started using Random.org
2024-12-18 05:43:43,199 - Mafia Bot - INFO - Initializing the Mafia Bot...
2024-12-18 05:43:43,200 - Mafia Bot DB - DEBUG - Initializing the database and creating tables if they don't exist.
2024-12-18 05:43:43,205 - Mafia Bot DB - DEBUG - Games table migrated to use TEXT PRIMARY KEY for game_id.
2024-12-18 05:43:43,206 - Mafia Bot DB - DEBUG - Database initialized successfully.
2024-12-18 05:43:43,717 - Mafia Bot - INFO - Starting the bot...
2024-12-18 05:43:55,047 - Mafia Bot StartHandler - DEBUG - Handling /start command.
2024-12-18 05:43:56,308 - Mafia Bot ButtonHandler - DEBUG - Handling a button press.
2024-12-18 05:43:56,350 - Mafia Bot ButtonHandler - DEBUG - create_game button pressed.
2024-12-18 05:43:56,351 - Mafia Bot GameManagement - DEBUG - Creating a new game.
2024-12-18 05:43:56,352 - Mafia Bot GameManagement - DEBUG - Generated passcode: d9ae46d0-1dd2-49c0-bcae-87d03d6ba5b7
2024-12-18 05:43:56,353 - Mafia Bot GameManagement - DEBUG - Generated game_id: 5b00c2dd-5799-4d83-823f-39f871ab2a79
2024-12-18 05:43:56,357 - Mafia Bot GameManagement - DEBUG - Game created with game_id: 5b00c2dd-5799-4d83-823f-39f871ab2a79, passcode: d9ae46d0-1dd2-49c0-bcae-87d03d6ba5b7, moderator_id: 58032530
2024-12-18 05:43:59,398 - Mafia Bot ButtonHandler - DEBUG - Handling a button press.
2024-12-18 05:43:59,432 - Mafia Bot ButtonHandler - DEBUG - join_game button pressed.
2024-12-18 05:44:00,708 - Mafia Bot ButtonHandler - DEBUG - Handling a button press.
2024-12-18 05:44:00,738 - Mafia Bot ButtonHandler - DEBUG - keep_name button pressed.
2024-12-18 05:44:03,290 - Mafia Bot PasscodeHandler - DEBUG - Handling a text message.
2024-12-18 05:44:03,291 - Mafia Bot GameManagement - DEBUG - User attempting to join a game.
2024-12-18 05:44:03,350 - Mafia Bot GameManagement - DEBUG - User Hasti (ID: 58032530) joined game 5b00c2dd-5799-4d83-823f-39f871ab2a79
2024-12-18 05:44:17,990 - Mafia Bot StartHandler - DEBUG - Handling /start command.
2024-12-18 05:44:19,186 - Mafia Bot ButtonHandler - DEBUG - Handling a button press.
2024-12-18 05:44:19,228 - Mafia Bot ButtonHandler - DEBUG - join_game button pressed.
2024-12-18 05:44:20,540 - Mafia Bot ButtonHandler - DEBUG - Handling a button press.
2024-12-18 05:44:20,580 - Mafia Bot ButtonHandler - DEBUG - keep_name button pressed.
2024-12-18 05:44:22,763 - Mafia Bot PasscodeHandler - DEBUG - Handling a text message.
2024-12-18 05:44:22,764 - Mafia Bot GameManagement - DEBUG - User attempting to join a game.
2024-12-18 05:44:22,846 - Mafia Bot GameManagement - DEBUG - User Mahdi (ID: 109130221) joined game 5b00c2dd-5799-4d83-823f-39f871ab2a79
2024-12-18 05:44:25,467 - Mafia Bot StartHandler - DEBUG - Handling /start command.
2024-12-18 05:44:27,184 - Mafia Bot ButtonHandler - DEBUG - Handling a button press.
2024-12-18 05:44:27,254 - Mafia Bot ButtonHandler - DEBUG - set_roles button pressed.
2024-12-18 05:44:27,255 - Mafia Bot GameManagement - DEBUG - Displaying role buttons.
2024-12-18 05:44:31,172 - Mafia Bot ButtonHandler - DEBUG - Handling a button press.
2024-12-18 05:44:31,222 - Mafia Bot ButtonHandler - DEBUG - Increase button pressed for role: Ruyin tan
2024-12-18 05:44:31,225 - Mafia Bot GameManagement - DEBUG - Displaying role buttons.
2024-12-18 05:44:31,302 - Mafia Bot ButtonHandler - DEBUG - Handling a button press.
2024-12-18 05:44:31,336 - Mafia Bot ButtonHandler - DEBUG - Increase button pressed for role: Jasoos
2024-12-18 05:44:31,339 - Mafia Bot GameManagement - DEBUG - Displaying role buttons.
2024-12-18 05:44:34,089 - Mafia Bot ButtonHandler - DEBUG - Handling a button press.
2024-12-18 05:44:34,127 - Mafia Bot ButtonHandler - DEBUG - confirm_roles_and_save_template button pressed.
2024-12-18 05:44:34,128 - Mafia Bot GameManagement - DEBUG - Confirming and setting roles.
2024-12-18 05:44:34,130 - Mafia Bot GameManagement - DEBUG - Users in game ID 5b00c2dd-5799-4d83-823f-39f871ab2a79: [58032530, 109130221]
2024-12-18 05:44:34,131 - Mafia Bot GameManagement - DEBUG - Role Afyun assigned 0 times
2024-12-18 05:44:34,132 - Mafia Bot GameManagement - DEBUG - Role Bisim chi assigned 0 times
2024-12-18 05:44:34,133 - Mafia Bot GameManagement - DEBUG - Role Cowboy assigned 0 times
2024-12-18 05:44:34,135 - Mafia Bot GameManagement - DEBUG - Role Doctor assigned 0 times
2024-12-18 05:44:34,136 - Mafia Bot GameManagement - DEBUG - Role DoctorLec assigned 0 times
2024-12-18 05:44:34,137 - Mafia Bot GameManagement - DEBUG - Role Efsha Gar assigned 0 times
2024-12-18 05:44:34,138 - Mafia Bot GameManagement - DEBUG - Role Ghazi assigned 0 times
2024-12-18 05:44:34,141 - Mafia Bot GameManagement - DEBUG - Role God F assigned 0 times
2024-12-18 05:44:34,141 - Mafia Bot GameManagement - DEBUG - Role Gor Kan assigned 0 times
2024-12-18 05:44:34,142 - Mafia Bot GameManagement - DEBUG - Role Hacker assigned 0 times
2024-12-18 05:44:34,143 - Mafia Bot GameManagement - DEBUG - Role Jasoos assigned 1 times
2024-12-18 05:44:34,143 - Mafia Bot GameManagement - DEBUG - Role Joker assigned 0 times
2024-12-18 05:44:34,143 - Mafia Bot GameManagement - DEBUG - Role Kar Agah assigned 0 times
2024-12-18 05:44:34,143 - Mafia Bot GameManagement - DEBUG - Role Keshish assigned 0 times
2024-12-18 05:44:34,143 - Mafia Bot GameManagement - DEBUG - Role MafiaSa assigned 0 times
2024-12-18 05:44:34,144 - Mafia Bot GameManagement - DEBUG - Role Majhool assigned 0 times
2024-12-18 05:44:34,144 - Mafia Bot GameManagement - DEBUG - Role Mashoghe assigned 0 times
2024-12-18 05:44:34,146 - Mafia Bot GameManagement - DEBUG - Role Mozakere assigned 0 times
2024-12-18 05:44:34,146 - Mafia Bot GameManagement - DEBUG - Role Nanva assigned 0 times
2024-12-18 05:44:34,146 - Mafia Bot GameManagement - DEBUG - Role Natasha assigned 0 times
2024-12-18 05:44:34,146 - Mafia Bot GameManagement - DEBUG - Role Ruyin tan assigned 1 times
2024-12-18 05:44:34,148 - Mafia Bot GameManagement - DEBUG - Role ShahKosh assigned 0 times
2024-12-18 05:44:34,148 - Mafia Bot GameManagement - DEBUG - Role ShahrSaD assigned 0 times
2024-12-18 05:44:34,149 - Mafia Bot GameManagement - DEBUG - Role Tak Tir assigned 0 times
2024-12-18 05:44:34,149 - Mafia Bot GameManagement - DEBUG - Role Terrorist assigned 0 times
2024-12-18 05:44:34,149 - Mafia Bot GameManagement - DEBUG - Role Tof Dar assigned 0 times
2024-12-18 05:44:34,340 - Mafia Bot GameManagement - DEBUG - Shuffled roles using Random.org
2024-12-18 05:44:34,544 - Mafia Bot GameManagement - DEBUG - Shuffled users using Random.org
2024-12-18 05:44:34,545 - Mafia Bot GameManagement - DEBUG - Role Ruyin tan set for user ID 58032530
2024-12-18 05:44:34,546 - Mafia Bot GameManagement - DEBUG - Role Jasoos set for user ID 109130221
2024-12-18 05:44:34,551 - Mafia Bot GameManagement - DEBUG - Roles set for game ID 5b00c2dd-5799-4d83-823f-39f871ab2a79 using Random.org
2024-12-18 05:44:46,401 - Mafia Bot PasscodeHandler - DEBUG - Handling a text message.
2024-12-18 05:44:46,402 - Mafia Bot PasscodeHandler - DEBUG - Handling template confirmation.
2024-12-18 05:44:46,404 - Mafia Bot GameManagement - DEBUG - Game ID 5b00c2dd-5799-4d83-823f-39f871ab2a79 has 2 players.
2024-12-18 05:44:46,405 - Mafia Bot PasscodeHandler - DEBUG - Saving template as pending.
2024-12-18 05:44:46,411 - Mafia Bot Roles - DEBUG - Role templates saved: {'2': [{'name': 'Dev 2 players - 2', 'roles': {'Afyun': 0, 'Bisim chi': 0, 'Cowboy': 0, 'Doctor': 0, 'DoctorLec': 0, 'Efsha Gar': 0, 'Ghazi': 1, 'God F': 0, 'Gor Kan': 1, 'Hacker': 0, 'Jasoos': 0, 'Joker': 0, 'Kar Agah': 0, 'Keshish': 0, 'MafiaSa': 0, 'Majhool': 0, 'Mashoghe': 0, 'Mozakere': 0, 'Nanva': 0, 'Natasha': 0, 'Ruyin tan': 0, 'ShahKosh': 0, 'ShahrSaD': 0, 'Tak Tir': 0, 'Terrorist': 0, 'Tof Dar': 0}}]}
2024-12-18 05:44:46,412 - Mafia Bot Roles - DEBUG - Pending templates saved: {'2': [{'name': 'Dev 2 2 - 2', 'roles': {'Afyun': 0, 'Bisim chi': 0, 'Cowboy': 0, 'Doctor': 0, 'DoctorLec': 0, 'Efsha Gar': 0, 'Ghazi': 0, 'God F': 0, 'Gor Kan': 0, 'Hacker': 0, 'Jasoos': 1, 'Joker': 0, 'Kar Agah': 0, 'Keshish': 0, 'MafiaSa': 0, 'Majhool': 0, 'Mashoghe': 0, 'Mozakere': 0, 'Nanva': 0, 'Natasha': 0, 'Ruyin tan': 1, 'ShahKosh': 0, 'ShahrSaD': 0, 'Tak Tir': 0, 'Terrorist': 0, 'Tof Dar': 0}}]}
2024-12-18 05:44:49,502 - Mafia Bot ButtonHandler - DEBUG - Handling a button press.
2024-12-18 05:44:49,641 - Mafia Bot Roles - DEBUG - Role templates saved: {'2': [{'name': 'Dev 2 players - 2', 'roles': {'Afyun': 0, 'Bisim chi': 0, 'Cowboy': 0, 'Doctor': 0, 'DoctorLec': 0, 'Efsha Gar': 0, 'Ghazi': 1, 'God F': 0, 'Gor Kan': 1, 'Hacker': 0, 'Jasoos': 0, 'Joker': 0, 'Kar Agah': 0, 'Keshish': 0, 'MafiaSa': 0, 'Majhool': 0, 'Mashoghe': 0, 'Mozakere': 0, 'Nanva': 0, 'Natasha': 0, 'Ruyin tan': 0, 'ShahKosh': 0, 'ShahrSaD': 0, 'Tak Tir': 0, 'Terrorist': 0, 'Tof Dar': 0}}, {'name': 'Dev 2 2 - 2', 'roles': {'Afyun': 0, 'Bisim chi': 0, 'Cowboy': 0, 'Doctor': 0, 'DoctorLec': 0, 'Efsha Gar': 0, 'Ghazi': 0, 'God F': 0, 'Gor Kan': 0, 'Hacker': 0, 'Jasoos': 1, 'Joker': 0, 'Kar Agah': 0, 'Keshish': 0, 'MafiaSa': 0, 'Majhool': 0, 'Mashoghe': 0, 'Mozakere': 0, 'Nanva': 0, 'Natasha': 0, 'Ruyin tan': 1, 'ShahKosh': 0, 'ShahrSaD': 0, 'Tak Tir': 0, 'Terrorist': 0, 'Tof Dar': 0}}]}
2024-12-18 05:44:49,642 - Mafia Bot Roles - DEBUG - Pending templates saved: {'2': []}
2024-12-18 05:44:55,929 - Mafia Bot ButtonHandler - DEBUG - Handling a button press.
2024-12-18 05:44:56,273 - Mafia Bot ButtonHandler - DEBUG - back_to_menu button pressed.
2024-12-18 05:44:56,275 - Mafia Bot StartHandler - DEBUG - Handling /start command.
2024-12-18 05:44:57,792 - Mafia Bot ButtonHandler - DEBUG - Handling a button press.
2024-12-18 05:44:58,004 - Mafia Bot ButtonHandler - DEBUG - start_game button pressed.
2024-12-18 05:45:00,537 - Mafia Bot PasscodeHandler - DEBUG - Handling a text message.
2024-12-18 05:45:00,538 - Mafia Bot GameManagement - DEBUG - Starting the game.
2024-12-18 05:45:00,539 - Mafia Bot GameManagement - DEBUG - Player roles: [(58032530, 'Ruyin tan', 'Hasti'), (109130221, 'Jasoos', 'Mahdi')]
2024-12-18 05:45:00,753 - Mafia Bot GameManagement - DEBUG - Game 5b00c2dd-5799-4d83-823f-39f871ab2a79 started using Random.org
2024-12-18 05:45:09,309 - Mafia Bot StartHandler - DEBUG - Handling /start command.
2024-12-18 05:45:13,000 - Mafia Bot ButtonHandler - DEBUG - Handling a button press.
2024-12-18 05:45:13,159 - Mafia Bot ButtonHandler - DEBUG - create_game button pressed.
2024-12-18 05:45:13,160 - Mafia Bot GameManagement - DEBUG - Creating a new game.
2024-12-18 05:45:13,161 - Mafia Bot GameManagement - DEBUG - Generated passcode: 07f73e18-9884-47d9-bdce-d36f8555e3d1
2024-12-18 05:45:13,162 - Mafia Bot GameManagement - DEBUG - Generated game_id: 4df60e42-a73d-4777-a572-fd4a48ffe424
2024-12-18 05:45:13,167 - Mafia Bot GameManagement - DEBUG - Game created with game_id: 4df60e42-a73d-4777-a572-fd4a48ffe424, passcode: 07f73e18-9884-47d9-bdce-d36f8555e3d1, moderator_id: 58032530
2024-12-18 05:45:14,856 - Mafia Bot ButtonHandler - DEBUG - Handling a button press.
2024-12-18 05:45:14,900 - Mafia Bot ButtonHandler - DEBUG - select_template button pressed.
2024-12-18 05:45:14,901 - Mafia Bot GameManagement - DEBUG - Game ID 4df60e42-a73d-4777-a572-fd4a48ffe424 has 0 players.
2024-12-18 05:45:14,902 - Mafia Bot GameManagement - DEBUG - Templates for player count 0: []
2024-12-18 05:45:20,930 - Mafia Bot ButtonHandler - DEBUG - Handling a button press.
2024-12-18 05:45:21,018 - Mafia Bot ButtonHandler - DEBUG - join_game button pressed.
2024-12-18 05:45:22,783 - Mafia Bot ButtonHandler - DEBUG - Handling a button press.
2024-12-18 05:45:22,826 - Mafia Bot ButtonHandler - DEBUG - keep_name button pressed.
2024-12-18 05:45:25,433 - Mafia Bot PasscodeHandler - DEBUG - Handling a text message.
2024-12-18 05:45:25,434 - Mafia Bot GameManagement - DEBUG - User attempting to join a game.
2024-12-18 05:45:25,485 - Mafia Bot GameManagement - DEBUG - User Hasti (ID: 58032530) joined game 4df60e42-a73d-4777-a572-fd4a48ffe424
2024-12-18 05:45:39,512 - Mafia Bot StartHandler - DEBUG - Handling /start command.
2024-12-18 05:45:41,837 - Mafia Bot ButtonHandler - DEBUG - Handling a button press.
2024-12-18 05:45:41,900 - Mafia Bot ButtonHandler - DEBUG - join_game button pressed.
2024-12-18 05:45:43,053 - Mafia Bot ButtonHandler - DEBUG - Handling a button press.
2024-12-18 05:45:43,095 - Mafia Bot ButtonHandler - DEBUG - keep_name button pressed.
2024-12-18 05:45:44,474 - Mafia Bot PasscodeHandler - DEBUG - Handling a text message.
2024-12-18 05:45:44,475 - Mafia Bot GameManagement - DEBUG - User attempting to join a game.
2024-12-18 05:45:44,555 - Mafia Bot GameManagement - DEBUG - User Mahdi (ID: 109130221) joined game 4df60e42-a73d-4777-a572-fd4a48ffe424
2024-12-18 05:45:48,841 - Mafia Bot StartHandler - DEBUG - Handling /start command.
2024-12-18 05:45:51,521 - Mafia Bot ButtonHandler - DEBUG - Handling a button press.
2024-12-18 05:45:51,598 - Mafia Bot ButtonHandler - DEBUG - select_template button pressed.
2024-12-18 05:45:51,599 - Mafia Bot GameManagement - DEBUG - Game ID 4df60e42-a73d-4777-a572-fd4a48ffe424 has 2 players.
2024-12-18 05:45:51,599 - Mafia Bot GameManagement - DEBUG - Templates for player count 2: [{'name': 'Dev 2 players - 2', 'roles': {'Afyun': 0, 'Bisim chi': 0, 'Cowboy': 0, 'Doctor': 0, 'DoctorLec': 0, 'Efsha Gar': 0, 'Ghazi': 1, 'God F': 0, 'Gor Kan': 1, 'Hacker': 0, 'Jasoos': 0, 'Joker': 0, 'Kar Agah': 0, 'Keshish': 0, 'MafiaSa': 0, 'Majhool': 0, 'Mashoghe': 0, 'Mozakere': 0, 'Nanva': 0, 'Natasha': 0, 'Ruyin tan': 0, 'ShahKosh': 0, 'ShahrSaD': 0, 'Tak Tir': 0, 'Terrorist': 0, 'Tof Dar': 0}}, {'name': 'Dev 2 2 - 2', 'roles': {'Afyun': 0, 'Bisim chi': 0, 'Cowboy': 0, 'Doctor': 0, 'DoctorLec': 0, 'Efsha Gar': 0, 'Ghazi': 0, 'God F': 0, 'Gor Kan': 0, 'Hacker': 0, 'Jasoos': 1, 'Joker': 0, 'Kar Agah': 0, 'Keshish': 0, 'MafiaSa': 0, 'Majhool': 0, 'Mashoghe': 0, 'Mozakere': 0, 'Nanva': 0, 'Natasha': 0, 'Ruyin tan': 1, 'ShahKosh': 0, 'ShahrSaD': 0, 'Tak Tir': 0, 'Terrorist': 0, 'Tof Dar': 0}}]
2024-12-18 05:45:55,590 - Mafia Bot ButtonHandler - DEBUG - Handling a button press.
2024-12-18 05:45:55,686 - Mafia Bot ButtonHandler - DEBUG - Template selected: Dev 2 players - 2
2024-12-18 05:45:55,687 - Mafia Bot GameManagement - DEBUG - Game ID 4df60e42-a73d-4777-a572-fd4a48ffe424 has 2 players.
2024-12-18 05:45:55,688 - Mafia Bot GameManagement - DEBUG - Templates for player count 2: [{'name': 'Dev 2 players - 2', 'roles': {'Afyun': 0, 'Bisim chi': 0, 'Cowboy': 0, 'Doctor': 0, 'DoctorLec': 0, 'Efsha Gar': 0, 'Ghazi': 1, 'God F': 0, 'Gor Kan': 1, 'Hacker': 0, 'Jasoos': 0, 'Joker': 0, 'Kar Agah': 0, 'Keshish': 0, 'MafiaSa': 0, 'Majhool': 0, 'Mashoghe': 0, 'Mozakere': 0, 'Nanva': 0, 'Natasha': 0, 'Ruyin tan': 0, 'ShahKosh': 0, 'ShahrSaD': 0, 'Tak Tir': 0, 'Terrorist': 0, 'Tof Dar': 0}}, {'name': 'Dev 2 2 - 2', 'roles': {'Afyun': 0, 'Bisim chi': 0, 'Cowboy': 0, 'Doctor': 0, 'DoctorLec': 0, 'Efsha Gar': 0, 'Ghazi': 0, 'God F': 0, 'Gor Kan': 0, 'Hacker': 0, 'Jasoos': 1, 'Joker': 0, 'Kar Agah': 0, 'Keshish': 0, 'MafiaSa': 0, 'Majhool': 0, 'Mashoghe': 0, 'Mozakere': 0, 'Nanva': 0, 'Natasha': 0, 'Ruyin tan': 1, 'ShahKosh': 0, 'ShahrSaD': 0, 'Tak Tir': 0, 'Terrorist': 0, 'Tof Dar': 0}}]
2024-12-18 05:45:55,745 - Mafia Bot GameManagement - DEBUG - Displaying role buttons.
2024-12-18 05:45:59,938 - Mafia Bot ButtonHandler - DEBUG - Handling a button press.
2024-12-18 05:45:59,982 - Mafia Bot ButtonHandler - DEBUG - confirm_roles button pressed.
2024-12-18 05:45:59,983 - Mafia Bot GameManagement - DEBUG - Confirming and setting roles.
2024-12-18 05:45:59,984 - Mafia Bot GameManagement - DEBUG - Users in game ID 4df60e42-a73d-4777-a572-fd4a48ffe424: [58032530, 109130221]
2024-12-18 05:45:59,985 - Mafia Bot GameManagement - DEBUG - Role Afyun assigned 0 times
2024-12-18 05:45:59,985 - Mafia Bot GameManagement - DEBUG - Role Bisim chi assigned 0 times
2024-12-18 05:45:59,986 - Mafia Bot GameManagement - DEBUG - Role Cowboy assigned 0 times
2024-12-18 05:45:59,987 - Mafia Bot GameManagement - DEBUG - Role Doctor assigned 0 times
2024-12-18 05:45:59,988 - Mafia Bot GameManagement - DEBUG - Role DoctorLec assigned 0 times
2024-12-18 05:45:59,988 - Mafia Bot GameManagement - DEBUG - Role Efsha Gar assigned 0 times
2024-12-18 05:45:59,989 - Mafia Bot GameManagement - DEBUG - Role Ghazi assigned 1 times
2024-12-18 05:45:59,990 - Mafia Bot GameManagement - DEBUG - Role God F assigned 0 times
2024-12-18 05:45:59,990 - Mafia Bot GameManagement - DEBUG - Role Gor Kan assigned 1 times
2024-12-18 05:45:59,991 - Mafia Bot GameManagement - DEBUG - Role Hacker assigned 0 times
2024-12-18 05:45:59,991 - Mafia Bot GameManagement - DEBUG - Role Jasoos assigned 0 times
2024-12-18 05:45:59,992 - Mafia Bot GameManagement - DEBUG - Role Joker assigned 0 times
2024-12-18 05:45:59,992 - Mafia Bot GameManagement - DEBUG - Role Kar Agah assigned 0 times
2024-12-18 05:45:59,993 - Mafia Bot GameManagement - DEBUG - Role Keshish assigned 0 times
2024-12-18 05:45:59,994 - Mafia Bot GameManagement - DEBUG - Role MafiaSa assigned 0 times
2024-12-18 05:45:59,994 - Mafia Bot GameManagement - DEBUG - Role Majhool assigned 0 times
2024-12-18 05:45:59,995 - Mafia Bot GameManagement - DEBUG - Role Mashoghe assigned 0 times
2024-12-18 05:45:59,995 - Mafia Bot GameManagement - DEBUG - Role Mozakere assigned 0 times
2024-12-18 05:45:59,996 - Mafia Bot GameManagement - DEBUG - Role Nanva assigned 0 times
2024-12-18 05:45:59,996 - Mafia Bot GameManagement - DEBUG - Role Natasha assigned 0 times
2024-12-18 05:45:59,997 - Mafia Bot GameManagement - DEBUG - Role Ruyin tan assigned 0 times
2024-12-18 05:45:59,997 - Mafia Bot GameManagement - DEBUG - Role ShahKosh assigned 0 times
2024-12-18 05:45:59,997 - Mafia Bot GameManagement - DEBUG - Role ShahrSaD assigned 0 times
2024-12-18 05:45:59,998 - Mafia Bot GameManagement - DEBUG - Role Tak Tir assigned 0 times
2024-12-18 05:45:59,998 - Mafia Bot GameManagement - DEBUG - Role Terrorist assigned 0 times
2024-12-18 05:45:59,998 - Mafia Bot GameManagement - DEBUG - Role Tof Dar assigned 0 times
2024-12-18 05:46:00,218 - Mafia Bot GameManagement - DEBUG - Shuffled roles using Random.org
2024-12-18 05:46:00,431 - Mafia Bot GameManagement - DEBUG - Shuffled users using Random.org
2024-12-18 05:46:00,432 - Mafia Bot GameManagement - DEBUG - Role Gor Kan set for user ID 109130221
2024-12-18 05:46:00,433 - Mafia Bot GameManagement - DEBUG - Role Ghazi set for user ID 58032530
2024-12-18 05:46:00,437 - Mafia Bot GameManagement - DEBUG - Roles set for game ID 4df60e42-a73d-4777-a572-fd4a48ffe424 using Random.org
2024-12-18 05:46:03,308 - Mafia Bot ButtonHandler - DEBUG - Handling a button press.
2024-12-18 05:46:03,347 - Mafia Bot ButtonHandler - DEBUG - back_to_menu button pressed.
2024-12-18 05:46:03,348 - Mafia Bot StartHandler - DEBUG - Handling /start command.
2024-12-18 05:46:04,731 - Mafia Bot ButtonHandler - DEBUG - Handling a button press.
2024-12-18 05:46:04,771 - Mafia Bot ButtonHandler - DEBUG - start_game button pressed.
2024-12-18 05:46:07,862 - Mafia Bot PasscodeHandler - DEBUG - Handling a text message.
2024-12-18 05:46:07,863 - Mafia Bot GameManagement - DEBUG - Starting the game.
2024-12-18 05:46:07,864 - Mafia Bot GameManagement - DEBUG - Player roles: [(58032530, 'Ghazi', 'Hasti'), (109130221, 'Gor Kan', 'Mahdi')]
2024-12-18 05:46:08,093 - Mafia Bot GameManagement - DEBUG - Game 4df60e42-a73d-4777-a572-fd4a48ffe424 started using Random.org
2024-12-18 06:12:21,077 - Mafia Bot - INFO - Initializing the Mafia Bot...
2024-12-18 06:12:21,078 - Mafia Bot DB - DEBUG - Initializing the database and creating tables if they don't exist.
2024-12-18 06:12:21,085 - Mafia Bot DB - DEBUG - Games table migrated to use TEXT PRIMARY KEY for game_id.
2024-12-18 06:12:21,087 - Mafia Bot DB - DEBUG - Database initialized successfully.
2024-12-18 06:12:21,613 - Mafia Bot - INFO - Starting the bot...
2024-12-18 06:12:23,788 - Mafia Bot StartHandler - DEBUG - Handling /start command.
2024-12-18 06:12:24,787 - Mafia Bot ButtonHandler - DEBUG - Handling a button press.
2024-12-18 06:12:24,914 - Mafia Bot ButtonHandler - DEBUG - create_game button pressed.
2024-12-18 06:12:24,914 - Mafia Bot GameManagement - DEBUG - Creating a new game.
2024-12-18 06:12:24,915 - Mafia Bot GameManagement - DEBUG - Generated passcode: 69fc5466-8b4b-422c-824a-c9f9a9038869
2024-12-18 06:12:24,915 - Mafia Bot GameManagement - DEBUG - Generated game_id: 3a5daf09-0905-45f5-a385-ef991c980c26
2024-12-18 06:12:24,920 - Mafia Bot GameManagement - DEBUG - Game created with game_id: 3a5daf09-0905-45f5-a385-ef991c980c26, passcode: 69fc5466-8b4b-422c-824a-c9f9a9038869, moderator_id: 109130221
2024-12-18 06:12:27,426 - Mafia Bot ButtonHandler - DEBUG - Handling a button press.
2024-12-18 06:12:27,457 - Mafia Bot ButtonHandler - DEBUG - join_game button pressed.
2024-12-18 06:12:28,477 - Mafia Bot ButtonHandler - DEBUG - Handling a button press.
2024-12-18 06:12:28,512 - Mafia Bot ButtonHandler - DEBUG - keep_name button pressed.
2024-12-18 06:12:30,427 - Mafia Bot PasscodeHandler - DEBUG - Handling a text message.
2024-12-18 06:12:30,428 - Mafia Bot GameManagement - DEBUG - User attempting to join a game.
2024-12-18 06:12:30,479 - Mafia Bot GameManagement - DEBUG - User Mahdi (ID: 109130221) joined game 3a5daf09-0905-45f5-a385-ef991c980c26
2024-12-18 06:12:31,870 - Mafia Bot ButtonHandler - DEBUG - Handling a button press.
2024-12-18 06:12:31,922 - Mafia Bot ButtonHandler - DEBUG - set_roles button pressed.
2024-12-18 06:12:31,923 - Mafia Bot GameManagement - DEBUG - Displaying role buttons.
2024-12-18 06:12:32,871 - Mafia Bot ButtonHandler - DEBUG - Handling a button press.
2024-12-18 06:12:32,899 - Mafia Bot ButtonHandler - DEBUG - Increase button pressed for role: Mashoghe
2024-12-18 06:12:32,902 - Mafia Bot GameManagement - DEBUG - Displaying role buttons.
2024-12-18 06:12:34,803 - Mafia Bot ButtonHandler - DEBUG - Handling a button press.
2024-12-18 06:12:34,851 - Mafia Bot ButtonHandler - DEBUG - back_to_menu button pressed.
2024-12-18 06:12:34,851 - Mafia Bot StartHandler - DEBUG - Handling /start command.
